#
# A fatal error has been detected by the Java Runtime Environment:
#
#  Internal Error (javaClasses.cpp:136), pid=10152, tid=752
#  fatal error: Invalid layout of preloaded class
#
# JRE version:  (7.0_40-b43) (build )
# Java VM: Java HotSpot(TM) 64-Bit Server VM (24.0-b56 mixed mode windows-amd64 compressed oops)
# Failed to write core dump. Minidumps are not enabled by default on client versions of Windows
#
# If you would like to submit a bug report, please visit:
#   http://bugreport.sun.com/bugreport/crash.jsp
#

---------------  T H R E A D  ---------------

Current thread (0x0000000002bb0800):  JavaThread "Unknown thread" [_thread_in_vm, id=752, stack(0x0000000002a60000,0x0000000002b60000)]

Stack: [0x0000000002a60000,0x0000000002b60000]

---------------  P R O C E S S  ---------------

Java Threads: ( => current thread )

Other Threads:

=>0x0000000002bb0800 (exited) JavaThread "Unknown thread" [_thread_in_vm, id=752, stack(0x0000000002a60000,0x0000000002b60000)]

VM state:not at safepoint (not fully initialized)

VM Mutex/Monitor currently owned by a thread: None

GC Heap History (0 events):
No events

Deoptimization events (0 events):
No events

Internal exceptions (0 events):
No events

Events (10 events):
Event: 0.008 loading class 0x0000000002bfebe0 done
Event: 0.008 loading class 0x0000000002bfe600 done
Event: 0.008 loading class 0x0000000002bfe5e0
Event: 0.008 loading class 0x0000000002c066e0
Event: 0.008 loading class 0x0000000002c066e0 done
Event: 0.008 loading class 0x0000000002c06710
Event: 0.008 loading class 0x0000000002c06710 done
Event: 0.008 loading class 0x0000000002c06740
Event: 0.008 loading class 0x0000000002c06740 done
Event: 0.008 loading class 0x0000000002bfe5e0 done


Dynamic libraries:
0x00007ff61bce0000 - 0x00007ff61bd13000 	C:\Program Files\Java\jre7\bin\javaw.exe
0x00007ffda0620000 - 0x00007ffda07c9000 	C:\WINDOWS\SYSTEM32\ntdll.dll
0x00007ffda04e0000 - 0x00007ffda0619000 	C:\WINDOWS\system32\KERNEL32.DLL
0x00007ffd9da70000 - 0x00007ffd9db7e000 	C:\WINDOWS\system32\KERNELBASE.dll
0x00007ffd9c5d0000 - 0x00007ffd9c65b000 	C:\WINDOWS\system32\apphelp.dll
0x00007ffd90c50000 - 0x00007ffd90c9c000 	C:\WINDOWS\AppPatch\AppPatch64\AcGenral.DLL
0x00007ffd9f540000 - 0x00007ffd9f5e7000 	C:\WINDOWS\system32\msvcrt.dll
0x00007ffd9d7e0000 - 0x00007ffd9d80b000 	C:\WINDOWS\SYSTEM32\SspiCli.dll
0x00007ffd9fe40000 - 0x00007ffd9fe91000 	C:\WINDOWS\system32\SHLWAPI.dll
0x00007ffd9fc40000 - 0x00007ffd9fdb1000 	C:\WINDOWS\system32\USER32.dll
0x00007ffd9f650000 - 0x00007ffd9f7c6000 	C:\WINDOWS\system32\ole32.dll
0x00007ffd9deb0000 - 0x00007ffd9f2bf000 	C:\WINDOWS\system32\SHELL32.dll
0x00007ffd9d2e0000 - 0x00007ffd9d2ff000 	C:\WINDOWS\SYSTEM32\USERENV.dll
0x00007ffda0250000 - 0x00007ffda02f5000 	C:\WINDOWS\system32\ADVAPI32.dll
0x00007ffd974e0000 - 0x00007ffd974fb000 	C:\WINDOWS\SYSTEM32\MPR.dll
0x00007ffd9fb00000 - 0x00007ffd9fc36000 	C:\WINDOWS\system32\RPCRT4.dll
0x00007ffd9ff10000 - 0x00007ffd9ff67000 	C:\WINDOWS\SYSTEM32\sechost.dll
0x00007ffda0300000 - 0x00007ffda04d7000 	C:\WINDOWS\SYSTEM32\combase.dll
0x00007ffd9f8c0000 - 0x00007ffd9fa05000 	C:\WINDOWS\system32\GDI32.dll
0x00007ffd9d9a0000 - 0x00007ffd9d9b4000 	C:\WINDOWS\SYSTEM32\profapi.dll
0x00007ffd9bee0000 - 0x00007ffd9bf81000 	C:\WINDOWS\SYSTEM32\SHCORE.dll
0x00007ffd9f7d0000 - 0x00007ffd9f804000 	C:\WINDOWS\system32\IMM32.DLL
0x00007ffd9ff70000 - 0x00007ffda00a8000 	C:\WINDOWS\system32\MSCTF.dll
0x00007ffd9b860000 - 0x00007ffd9baba000 	C:\WINDOWS\WinSxS\amd64_microsoft.windows.common-controls_6595b64144ccf1df_6.0.9600.16384_none_62475f7becb72503\COMCTL32.dll
0x000000006f3e0000 - 0x000000006f4b1000 	C:\Program Files\Java\jre7\bin\msvcr100.dll
0x000000006ec10000 - 0x000000006f3d9000 	C:\Program Files\Java\jre7\bin\server\jvm.dll
0x00007ffd95000000 - 0x00007ffd95009000 	C:\WINDOWS\SYSTEM32\WSOCK32.dll
0x00007ffd9bf90000 - 0x00007ffd9bfaf000 	C:\WINDOWS\SYSTEM32\WINMM.dll
0x00007ffd9fe30000 - 0x00007ffd9fe37000 	C:\WINDOWS\system32\PSAPI.DLL
0x00007ffd9f5f0000 - 0x00007ffd9f648000 	C:\WINDOWS\system32\WS2_32.dll
0x00007ffd9bc70000 - 0x00007ffd9bc9a000 	C:\WINDOWS\SYSTEM32\WINMMBASE.dll
0x00007ffd9fdc0000 - 0x00007ffd9fdc9000 	C:\WINDOWS\system32\NSI.dll
0x00007ffd9de60000 - 0x00007ffd9deaa000 	C:\WINDOWS\SYSTEM32\cfgmgr32.dll
0x00007ffd9c820000 - 0x00007ffd9c846000 	C:\WINDOWS\SYSTEM32\DEVOBJ.dll
0x000000006f6b0000 - 0x000000006f6bf000 	C:\Program Files\Java\jre7\bin\verify.dll
0x000000006ebe0000 - 0x000000006ec08000 	C:\Program Files\Java\jre7\bin\java.dll
0x000000006ebc0000 - 0x000000006ebd5000 	C:\Program Files\Java\jre7\bin\zip.dll

VM Arguments:
jvm_args: -Dfile.encoding=Cp1255 -Xbootclasspath:C:\adt-bundle-windows-x86_64-20131030\sdk\platforms\android-19\android.jar 
java_command: bla
Launcher Type: SUN_STANDARD

Environment Variables:
PATH=C:\Program Files\nodejs\;C:\Program Files (x86)\Intel\iCLS Client\;C:\Program Files\Intel\iCLS Client\;C:\WINDOWS\system32;C:\WINDOWS;C:\WINDOWS\System32\Wbem;C:\WINDOWS\System32\WindowsPowerShell\v1.0\;C:\Program Files\Intel\Intel(R) Management Engine Components\DAL;C:\Program Files\Intel\Intel(R) Management Engine Components\IPT;C:\Program Files (x86)\Intel\Intel(R) Management Engine Components\DAL;C:\Program Files (x86)\Intel\Intel(R) Management Engine Components\IPT;C:\Program Files (x86)\Intel\OpenCL SDK\2.0\bin\x86;C:\Program Files (x86)\Intel\OpenCL SDK\2.0\bin\x64;C:\Program Files\Intel\WiFi\bin\;C:\Program Files\Common Files\Intel\WirelessCommon\;C:\Program Files\Lenovo Fingerprint Reader\;C:\Program Files\Lenovo Fingerprint Reader\x86\;C:\ProgramData\Lenovo\ReadyApps;JAVA_HOME\bin;C:\Users\ran\AppData\Roaming\npm;C:\Program Files (x86)\Git\bin
USERNAME=ran
OS=Windows_NT
PROCESSOR_IDENTIFIER=Intel64 Family 6 Model 58 Stepping 9, GenuineIntel



---------------  S Y S T E M  ---------------

OS: Windows 8 , 64 bit Build 9200 

CPU:total 8 (4 cores per cpu, 2 threads per core) family 6 model 58 stepping 9, cmov, cx8, fxsr, mmx, sse, sse2, sse3, ssse3, sse4.1, sse4.2, popcnt, avx, aes, erms, ht, tsc, tscinvbit, tscinv

Memory: 4k page, physical 8230860k(4441508k free), swap 9541580k(4596384k free)

vm_info: Java HotSpot(TM) 64-Bit Server VM (24.0-b56) for windows-amd64 JRE (1.7.0_40-b43), built on Aug 26 2013 22:38:32 by "java_re" with unknown MS VC++:1600

time: Thu Dec 19 14:36:32 2013
elapsed time: 0 seconds

